<?xml version="1.0" encoding="UTF-8"?>
<!-- Generated by org.testng.reporters.JUnitReportReporter -->
<testsuite hostname="MuruganandhSrinivasan" failures="0" tests="1" name="com.W3Schools.tests.LoginTest" time="83.595" errors="0" timestamp="2023-11-25T21:26:28 IST" skipped="0">
  <testcase classname="com.W3Schools.tests.LoginTest" name="loginWithValidData" time="83.595"/>
</testsuite> <!-- com.W3Schools.tests.LoginTest -->
