<?xml version="1.0" encoding="UTF-8"?>
<!-- Generated by org.testng.reporters.JUnitReportReporter -->
<testsuite hostname="MuruganandhSrinivasan" failures="0" tests="1" name="com.W3Schools.tests.ProfileTest" time="0.272" errors="0" timestamp="2023-11-26T12:37:50 IST" skipped="0">
  <testcase classname="com.W3Schools.tests.ProfileTest" name="enterProfileDetails" time="0.272"/>
</testsuite> <!-- com.W3Schools.tests.ProfileTest -->
