<?xml version="1.0" encoding="UTF-8"?>
<!-- Generated by org.testng.reporters.JUnitReportReporter -->
<testsuite hostname="MuruganandhSrinivasan" failures="0" tests="1" name="com.w3school.tests.LoginTest" time="66.129" errors="0" timestamp="2023-11-27T10:33:41 IST" skipped="0">
  <testcase classname="com.w3school.tests.LoginTest" name="loginWithValidData" time="66.129"/>
</testsuite> <!-- com.w3school.tests.LoginTest -->
