<?xml version="1.0" encoding="UTF-8"?>
<!-- Generated by org.testng.reporters.JUnitReportReporter -->
<testsuite hostname="MuruganandhSrinivasan" failures="0" tests="1" name="com.W3Schools.tests.LoginTest" time="49.012" errors="0" timestamp="2023-11-25T20:32:07 IST" skipped="0">
  <testcase classname="com.W3Schools.tests.LoginTest" name="loginWithValidData" time="49.012"/>
</testsuite> <!-- com.W3Schools.tests.LoginTest -->
